# JRE version: OpenJDK Runtime Environment (8.0_242-b01) (build 1.8.0_242-release-1644-b01)
# Java VM: OpenJDK 64-Bit Server VM (25.242-b01 mixed mode windows-amd64 compressed oops)
Heap:
 PSYoungGen      total 267776K, used 248712K [0x00000000d5580000, 0x00000000ea980000, 0x0000000100000000)
  eden space 245760K, 92% used [0x00000000d5580000,0x00000000e349e898,0x00000000e4580000)
  from space 22016K, 93% used [0x00000000e4580000,0x00000000e598a0d8,0x00000000e5b00000)
  to   space 25088K, 0% used [0x00000000e9100000,0x00000000e9100000,0x00000000ea980000)
 ParOldGen       total 120832K, used 38394K [0x0000000080000000, 0x0000000087600000, 0x00000000d5580000)
  object space 120832K, 31% used [0x0000000080000000,0x000000008257e998,0x0000000087600000)
 Metaspace       used 71751K, capacity 75148K, committed 75288K, reserved 1114112K
  class space    used 9791K, capacity 10441K, committed 10544K, reserved 1048576K
GC Heap History (10 events):
Event: 6.228 GC heap before
{Heap before GC invocations=10 (full 2):
 PSYoungGen      total 210432K, used 9303K [0x00000000d5580000, 0x00000000e3680000, 0x0000000100000000)
  eden space 196608K, 0% used [0x00000000d5580000,0x00000000d5580000,0x00000000e1580000)
  from space 13824K, 67% used [0x00000000e2380000,0x00000000e2c95de8,0x00000000e3100000)
  to   space 14336K, 0% used [0x00000000e1580000,0x00000000e1580000,0x00000000e2380000)
 ParOldGen       total 50176K, used 10725K [0x0000000080000000, 0x0000000083100000, 0x00000000d5580000)
  object space 50176K, 21% used [0x0000000080000000,0x0000000080a79438,0x0000000083100000)
 Metaspace       used 34295K, capacity 35418K, committed 35496K, reserved 1079296K
  class space    used 4719K, capacity 5002K, committed 5040K, reserved 1048576K
Event: 6.269 GC heap after
Heap after GC invocations=10 (full 2):
 PSYoungGen      total 210432K, used 0K [0x00000000d5580000, 0x00000000e3680000, 0x0000000100000000)
  eden space 196608K, 0% used [0x00000000d5580000,0x00000000d5580000,0x00000000e1580000)
  from space 13824K, 0% used [0x00000000e2380000,0x00000000e2380000,0x00000000e3100000)
  to   space 14336K, 0% used [0x00000000e1580000,0x00000000e1580000,0x00000000e2380000)
 ParOldGen       total 74240K, used 15655K [0x0000000080000000, 0x0000000084880000, 0x00000000d5580000)
  object space 74240K, 21% used [0x0000000080000000,0x0000000080f49e10,0x0000000084880000)
 Metaspace       used 34295K, capacity 35418K, committed 35496K, reserved 1079296K
  class space    used 4719K, capacity 5002K, committed 5040K, reserved 1048576K
}
Event: 9.014 GC heap before
{Heap before GC invocations=11 (full 2):
 PSYoungGen      total 210432K, used 196608K [0x00000000d5580000, 0x00000000e3680000, 0x0000000100000000)
  eden space 196608K, 100% used [0x00000000d5580000,0x00000000e1580000,0x00000000e1580000)
  from space 13824K, 0% used [0x00000000e2380000,0x00000000e2380000,0x00000000e3100000)
  to   space 14336K, 0% used [0x00000000e1580000,0x00000000e1580000,0x00000000e2380000)
 ParOldGen       total 74240K, used 15655K [0x0000000080000000, 0x0000000084880000, 0x00000000d5580000)
  object space 74240K, 21% used [0x0000000080000000,0x0000000080f49e10,0x0000000084880000)
 Metaspace       used 44472K, capacity 46378K, committed 46632K, reserved 1089536K
  class space    used 6027K, capacity 6423K, committed 6448K, reserved 1048576K
Event: 9.027 GC heap after
Heap after GC invocations=11 (full 2):
 PSYoungGen      total 210944K, used 14324K [0x00000000d5580000, 0x00000000e6b00000, 0x0000000100000000)
  eden space 196608K, 0% used [0x00000000d5580000,0x00000000d5580000,0x00000000e1580000)
  from space 14336K, 99% used [0x00000000e1580000,0x00000000e237d270,0x00000000e2380000)
  to   space 16384K, 0% used [0x00000000e5b00000,0x00000000e5b00000,0x00000000e6b00000)
 ParOldGen       total 74240K, used 15663K [0x0000000080000000, 0x0000000084880000, 0x00000000d5580000)
  object space 74240K, 21% used [0x0000000080000000,0x0000000080f4be10,0x0000000084880000)
 Metaspace       used 44472K, capacity 46378K, committed 46632K, reserved 1089536K
  class space    used 6027K, capacity 6423K, committed 6448K, reserved 1048576K
}
Event: 11.057 GC heap before
{Heap before GC invocations=12 (full 2):
 PSYoungGen      total 210944K, used 166632K [0x00000000d5580000, 0x00000000e6b00000, 0x0000000100000000)
  eden space 196608K, 77% used [0x00000000d5580000,0x00000000dea3cdf8,0x00000000e1580000)
  from space 14336K, 99% used [0x00000000e1580000,0x00000000e237d270,0x00000000e2380000)
  to   space 16384K, 0% used [0x00000000e5b00000,0x00000000e5b00000,0x00000000e6b00000)
 ParOldGen       total 74240K, used 15663K [0x0000000080000000, 0x0000000084880000, 0x00000000d5580000)
  object space 74240K, 21% used [0x0000000080000000,0x0000000080f4be10,0x0000000084880000)
 Metaspace       used 56855K, capacity 59098K, committed 59160K, reserved 1099776K
  class space    used 7715K, capacity 8190K, committed 8240K, reserved 1048576K
Event: 11.091 GC heap after
Heap after GC invocations=12 (full 2):
 PSYoungGen      total 262144K, used 16372K [0x00000000d5580000, 0x00000000e7780000, 0x0000000100000000)
  eden space 245760K, 0% used [0x00000000d5580000,0x00000000d5580000,0x00000000e4580000)
  from space 16384K, 99% used [0x00000000e5b00000,0x00000000e6afd320,0x00000000e6b00000)
  to   space 22016K, 0% used [0x00000000e4580000,0x00000000e4580000,0x00000000e5b00000)
 ParOldGen       total 74240K, used 25295K [0x0000000080000000, 0x0000000084880000, 0x00000000d5580000)
  object space 74240K, 34% used [0x0000000080000000,0x00000000818b3d50,0x0000000084880000)
 Metaspace       used 56855K, capacity 59098K, committed 59160K, reserved 1099776K
  class space    used 7715K, capacity 8190K, committed 8240K, reserved 1048576K
}
Event: 11.091 GC heap before
{Heap before GC invocations=13 (full 3):
 PSYoungGen      total 262144K, used 16372K [0x00000000d5580000, 0x00000000e7780000, 0x0000000100000000)
  eden space 245760K, 0% used [0x00000000d5580000,0x00000000d5580000,0x00000000e4580000)
  from space 16384K, 99% used [0x00000000e5b00000,0x00000000e6afd320,0x00000000e6b00000)
  to   space 22016K, 0% used [0x00000000e4580000,0x00000000e4580000,0x00000000e5b00000)
 ParOldGen       total 74240K, used 25295K [0x0000000080000000, 0x0000000084880000, 0x00000000d5580000)
  object space 74240K, 34% used [0x0000000080000000,0x00000000818b3d50,0x0000000084880000)
 Metaspace       used 56855K, capacity 59098K, committed 59160K, reserved 1099776K
  class space    used 7715K, capacity 8190K, committed 8240K, reserved 1048576K
Event: 11.305 GC heap after
Heap after GC invocations=13 (full 3):
 PSYoungGen      total 262144K, used 0K [0x00000000d5580000, 0x00000000e7780000, 0x0000000100000000)
  eden space 245760K, 0% used [0x00000000d5580000,0x00000000d5580000,0x00000000e4580000)
  from space 16384K, 0% used [0x00000000e5b00000,0x00000000e5b00000,0x00000000e6b00000)
  to   space 22016K, 0% used [0x00000000e4580000,0x00000000e4580000,0x00000000e5b00000)
 ParOldGen       total 120832K, used 38386K [0x0000000080000000, 0x0000000087600000, 0x00000000d5580000)
  object space 120832K, 31% used [0x0000000080000000,0x000000008257c998,0x0000000087600000)
 Metaspace       used 56821K, capacity 58984K, committed 59160K, reserved 1099776K
  class space    used 7705K, capacity 8171K, committed 8240K, reserved 1048576K
}
Event: 15.458 GC heap before
{Heap before GC invocations=14 (full 3):
 PSYoungGen      total 262144K, used 245760K [0x00000000d5580000, 0x00000000e7780000, 0x0000000100000000)
  eden space 245760K, 100% used [0x00000000d5580000,0x00000000e4580000,0x00000000e4580000)
  from space 16384K, 0% used [0x00000000e5b00000,0x00000000e5b00000,0x00000000e6b00000)
  to   space 22016K, 0% used [0x00000000e4580000,0x00000000e4580000,0x00000000e5b00000)
 ParOldGen       total 120832K, used 38386K [0x0000000080000000, 0x0000000087600000, 0x00000000d5580000)
  object space 120832K, 31% used [0x0000000080000000,0x000000008257c998,0x0000000087600000)
 Metaspace       used 66900K, capacity 70094K, committed 70296K, reserved 1110016K
  class space    used 9170K, capacity 9800K, committed 9904K, reserved 1048576K
Event: 15.506 GC heap after
Heap after GC invocations=14 (full 3):
 PSYoungGen      total 267776K, used 20520K [0x00000000d5580000, 0x00000000ea980000, 0x0000000100000000)
  eden space 245760K, 0% used [0x00000000d5580000,0x00000000d5580000,0x00000000e4580000)
  from space 22016K, 93% used [0x00000000e4580000,0x00000000e598a0d8,0x00000000e5b00000)
  to   space 25088K, 0% used [0x00000000e9100000,0x00000000e9100000,0x00000000ea980000)
 ParOldGen       total 120832K, used 38394K [0x0000000080000000, 0x0000000087600000, 0x00000000d5580000)
  object space 120832K, 31% used [0x0000000080000000,0x000000008257e998,0x0000000087600000)
 Metaspace       used 66900K, capacity 70094K, committed 70296K, reserved 1110016K
  class space    used 9170K, capacity 9800K, committed 9904K, reserved 1048576K
}

